<?xml version="1.0" encoding="UTF-8"?>
<testng-results skipped="0" failed="3" ignored="0" total="24" passed="21">
  <reporter-output>
  </reporter-output>
  <suite name="Surefire suite" duration-ms="413798" started-at="2022-10-10T02:03:25 EET" finished-at="2022-10-10T02:10:19 EET">
    <groups>
      <group name="cucumber">
        <method signature="AbstractTestNGCucumberTests.runScenario(io.cucumber.testng.PickleWrapper,io.cucumber.testng.FeatureWrapper)[pri:0, instance:org.example.testRunner.simulator@13c27452]" name="runScenario" class="io.cucumber.testng.AbstractTestNGCucumberTests"/>
      </group> <!-- cucumber -->
    </groups>
    <test name="Surefire test" duration-ms="413798" started-at="2022-10-10T02:03:25 EET" finished-at="2022-10-10T02:10:19 EET">
      <class name="org.example.testRunner.simulator">
        <test-method status="PASS" signature="setUpClass(org.testng.ITestContext)[pri:0, instance:org.example.testRunner.simulator@13c27452]" name="setUpClass" is-config="true" duration-ms="1011" started-at="2022-10-10T02:03:25 EET" finished-at="2022-10-10T02:03:26 EET">
          <params>
            <param index="0">
              <value>
                <![CDATA[org.testng.TestRunner@5bd3ca3c]]>
              </value>
            </param>
          </params>
          <reporter-output>
          </reporter-output>
        </test-method> <!-- setUpClass -->
        <test-method status="PASS" signature="runScenario(io.cucumber.testng.PickleWrapper,io.cucumber.testng.FeatureWrapper)[pri:0, instance:org.example.testRunner.simulator@13c27452]" name="runScenario" duration-ms="14700" started-at="2022-10-10T02:03:26 EET" description="Runs Cucumber Scenarios" data-provider="scenarios" finished-at="2022-10-10T02:03:41 EET">
          <params>
            <param index="0">
              <value>
                <![CDATA["change currency to euro"]]>
              </value>
            </param>
            <param index="1">
              <value>
                <![CDATA["test currency"]]>
              </value>
            </param>
          </params>
          <reporter-output>
          </reporter-output>
        </test-method> <!-- runScenario -->
        <test-method status="PASS" signature="runScenario(io.cucumber.testng.PickleWrapper,io.cucumber.testng.FeatureWrapper)[pri:0, instance:org.example.testRunner.simulator@13c27452]" name="runScenario" duration-ms="21145" started-at="2022-10-10T02:03:41 EET" description="Runs Cucumber Scenarios" data-provider="scenarios" finished-at="2022-10-10T02:04:02 EET">
          <params>
            <param index="0">
              <value>
                <![CDATA["Register with valid data"]]>
              </value>
            </param>
            <param index="1">
              <value>
                <![CDATA["test register"]]>
              </value>
            </param>
          </params>
          <reporter-output>
          </reporter-output>
        </test-method> <!-- runScenario -->
        <test-method status="PASS" signature="runScenario(io.cucumber.testng.PickleWrapper,io.cucumber.testng.FeatureWrapper)[pri:0, instance:org.example.testRunner.simulator@13c27452]" name="runScenario" duration-ms="16374" started-at="2022-10-10T02:04:02 EET" description="Runs Cucumber Scenarios" data-provider="scenarios" finished-at="2022-10-10T02:04:19 EET">
          <params>
            <param index="0">
              <value>
                <![CDATA["user didn't enter any data"]]>
              </value>
            </param>
            <param index="1">
              <value>
                <![CDATA["test register"]]>
              </value>
            </param>
          </params>
          <reporter-output>
          </reporter-output>
        </test-method> <!-- runScenario -->
        <test-method status="PASS" signature="runScenario(io.cucumber.testng.PickleWrapper,io.cucumber.testng.FeatureWrapper)[pri:0, instance:org.example.testRunner.simulator@13c27452]" name="runScenario" duration-ms="20927" started-at="2022-10-10T02:04:19 EET" description="Runs Cucumber Scenarios" data-provider="scenarios" finished-at="2022-10-10T02:04:40 EET">
          <params>
            <param index="0">
              <value>
                <![CDATA["user didn't enter the same password"]]>
              </value>
            </param>
            <param index="1">
              <value>
                <![CDATA["test register"]]>
              </value>
            </param>
          </params>
          <reporter-output>
          </reporter-output>
        </test-method> <!-- runScenario -->
        <test-method status="PASS" signature="runScenario(io.cucumber.testng.PickleWrapper,io.cucumber.testng.FeatureWrapper)[pri:0, instance:org.example.testRunner.simulator@13c27452]" name="runScenario" duration-ms="17821" started-at="2022-10-10T02:04:40 EET" description="Runs Cucumber Scenarios" data-provider="scenarios" finished-at="2022-10-10T02:04:57 EET">
          <params>
            <param index="0">
              <value>
                <![CDATA["email already exist"]]>
              </value>
            </param>
            <param index="1">
              <value>
                <![CDATA["test register"]]>
              </value>
            </param>
          </params>
          <reporter-output>
          </reporter-output>
        </test-method> <!-- runScenario -->
        <test-method status="PASS" signature="runScenario(io.cucumber.testng.PickleWrapper,io.cucumber.testng.FeatureWrapper)[pri:0, instance:org.example.testRunner.simulator@13c27452]" name="runScenario" duration-ms="12202" started-at="2022-10-10T02:04:57 EET" description="Runs Cucumber Scenarios" data-provider="scenarios" finished-at="2022-10-10T02:05:10 EET">
          <params>
            <param index="0">
              <value>
                <![CDATA[": search products with name"]]>
              </value>
            </param>
            <param index="1">
              <value>
                <![CDATA["test search"]]>
              </value>
            </param>
          </params>
          <reporter-output>
          </reporter-output>
        </test-method> <!-- runScenario -->
        <test-method status="PASS" signature="runScenario(io.cucumber.testng.PickleWrapper,io.cucumber.testng.FeatureWrapper)[pri:0, instance:org.example.testRunner.simulator@13c27452]" name="runScenario" duration-ms="12562" started-at="2022-10-10T02:05:10 EET" description="Runs Cucumber Scenarios" data-provider="scenarios" finished-at="2022-10-10T02:05:22 EET">
          <params>
            <param index="0">
              <value>
                <![CDATA[": search products with name"]]>
              </value>
            </param>
            <param index="1">
              <value>
                <![CDATA["test search"]]>
              </value>
            </param>
          </params>
          <reporter-output>
          </reporter-output>
        </test-method> <!-- runScenario -->
        <test-method status="PASS" signature="runScenario(io.cucumber.testng.PickleWrapper,io.cucumber.testng.FeatureWrapper)[pri:0, instance:org.example.testRunner.simulator@13c27452]" name="runScenario" duration-ms="38686" started-at="2022-10-10T02:05:22 EET" description="Runs Cucumber Scenarios" data-provider="scenarios" finished-at="2022-10-10T02:06:01 EET">
          <params>
            <param index="0">
              <value>
                <![CDATA[": search products with name"]]>
              </value>
            </param>
            <param index="1">
              <value>
                <![CDATA["test search"]]>
              </value>
            </param>
          </params>
          <reporter-output>
          </reporter-output>
        </test-method> <!-- runScenario -->
        <test-method status="PASS" signature="runScenario(io.cucumber.testng.PickleWrapper,io.cucumber.testng.FeatureWrapper)[pri:0, instance:org.example.testRunner.simulator@13c27452]" name="runScenario" duration-ms="28643" started-at="2022-10-10T02:06:01 EET" description="Runs Cucumber Scenarios" data-provider="scenarios" finished-at="2022-10-10T02:06:29 EET">
          <params>
            <param index="0">
              <value>
                <![CDATA[": search products with sku"]]>
              </value>
            </param>
            <param index="1">
              <value>
                <![CDATA["test search"]]>
              </value>
            </param>
          </params>
          <reporter-output>
          </reporter-output>
        </test-method> <!-- runScenario -->
        <test-method status="PASS" signature="runScenario(io.cucumber.testng.PickleWrapper,io.cucumber.testng.FeatureWrapper)[pri:0, instance:org.example.testRunner.simulator@13c27452]" name="runScenario" duration-ms="14456" started-at="2022-10-10T02:06:29 EET" description="Runs Cucumber Scenarios" data-provider="scenarios" finished-at="2022-10-10T02:06:44 EET">
          <params>
            <param index="0">
              <value>
                <![CDATA[": search products with sku"]]>
              </value>
            </param>
            <param index="1">
              <value>
                <![CDATA["test search"]]>
              </value>
            </param>
          </params>
          <reporter-output>
          </reporter-output>
        </test-method> <!-- runScenario -->
        <test-method status="PASS" signature="runScenario(io.cucumber.testng.PickleWrapper,io.cucumber.testng.FeatureWrapper)[pri:0, instance:org.example.testRunner.simulator@13c27452]" name="runScenario" duration-ms="15383" started-at="2022-10-10T02:06:44 EET" description="Runs Cucumber Scenarios" data-provider="scenarios" finished-at="2022-10-10T02:06:59 EET">
          <params>
            <param index="0">
              <value>
                <![CDATA[": search products with sku"]]>
              </value>
            </param>
            <param index="1">
              <value>
                <![CDATA["test search"]]>
              </value>
            </param>
          </params>
          <reporter-output>
          </reporter-output>
        </test-method> <!-- runScenario -->
        <test-method status="PASS" signature="runScenario(io.cucumber.testng.PickleWrapper,io.cucumber.testng.FeatureWrapper)[pri:0, instance:org.example.testRunner.simulator@13c27452]" name="runScenario" duration-ms="16955" started-at="2022-10-10T02:06:59 EET" description="Runs Cucumber Scenarios" data-provider="scenarios" finished-at="2022-10-10T02:07:16 EET">
          <params>
            <param index="0">
              <value>
                <![CDATA["user clicks follow us icons"]]>
              </value>
            </param>
            <param index="1">
              <value>
                <![CDATA["test follow us"]]>
              </value>
            </param>
          </params>
          <reporter-output>
          </reporter-output>
        </test-method> <!-- runScenario -->
        <test-method status="PASS" signature="runScenario(io.cucumber.testng.PickleWrapper,io.cucumber.testng.FeatureWrapper)[pri:0, instance:org.example.testRunner.simulator@13c27452]" name="runScenario" duration-ms="14505" started-at="2022-10-10T02:07:16 EET" description="Runs Cucumber Scenarios" data-provider="scenarios" finished-at="2022-10-10T02:07:31 EET">
          <params>
            <param index="0">
              <value>
                <![CDATA["user clicks follow us icons"]]>
              </value>
            </param>
            <param index="1">
              <value>
                <![CDATA["test follow us"]]>
              </value>
            </param>
          </params>
          <reporter-output>
          </reporter-output>
        </test-method> <!-- runScenario -->
        <test-method status="PASS" signature="runScenario(io.cucumber.testng.PickleWrapper,io.cucumber.testng.FeatureWrapper)[pri:0, instance:org.example.testRunner.simulator@13c27452]" name="runScenario" duration-ms="18396" started-at="2022-10-10T02:07:31 EET" description="Runs Cucumber Scenarios" data-provider="scenarios" finished-at="2022-10-10T02:07:49 EET">
          <params>
            <param index="0">
              <value>
                <![CDATA["user clicks follow us icons"]]>
              </value>
            </param>
            <param index="1">
              <value>
                <![CDATA["test follow us"]]>
              </value>
            </param>
          </params>
          <reporter-output>
          </reporter-output>
        </test-method> <!-- runScenario -->
        <test-method status="FAIL" signature="runScenario(io.cucumber.testng.PickleWrapper,io.cucumber.testng.FeatureWrapper)[pri:0, instance:org.example.testRunner.simulator@13c27452]" name="runScenario" duration-ms="13392" started-at="2022-10-10T02:07:49 EET" description="Runs Cucumber Scenarios" data-provider="scenarios" finished-at="2022-10-10T02:08:03 EET">
          <params>
            <param index="0">
              <value>
                <![CDATA["user clicks follow us icons"]]>
              </value>
            </param>
            <param index="1">
              <value>
                <![CDATA["test follow us"]]>
              </value>
            </param>
          </params>
          <exception class="java.lang.AssertionError">
            <message>
              <![CDATA[expected [https://demo.nopcommerce.com/new-online-store-is-open] but found [https://demo.nopcommerce.com/news/rss/1]]]>
            </message>
            <full-stacktrace>
              <![CDATA[java.lang.AssertionError: expected [https://demo.nopcommerce.com/new-online-store-is-open] but found [https://demo.nopcommerce.com/news/rss/1]
at org.testng.Assert.fail(Assert.java:110)
at org.testng.Assert.failNotEquals(Assert.java:1413)
at org.testng.Assert.assertEqualsImpl(Assert.java:149)
at org.testng.Assert.assertEquals(Assert.java:131)
at org.testng.Assert.assertEquals(Assert.java:655)
at org.testng.Assert.assertEquals(Assert.java:665)
at org.example.stepDefs.followUsFeatureSteps.checkOnUrl(followUsFeatureSteps.java:34)
at ✽.user should go to selected "https://demo.nopcommerce.com/new-online-store-is-open"(file:///C:/Users/ahmed/IdeaProjects/CucumberProject/src/main/resources/features/followUs.feature:7)
]]>
            </full-stacktrace>
          </exception> <!-- java.lang.AssertionError -->
          <reporter-output>
          </reporter-output>
        </test-method> <!-- runScenario -->
        <test-method status="PASS" signature="runScenario(io.cucumber.testng.PickleWrapper,io.cucumber.testng.FeatureWrapper)[pri:0, instance:org.example.testRunner.simulator@13c27452]" name="runScenario" duration-ms="13601" started-at="2022-10-10T02:08:03 EET" description="Runs Cucumber Scenarios" data-provider="scenarios" finished-at="2022-10-10T02:08:16 EET">
          <params>
            <param index="0">
              <value>
                <![CDATA["test random hover"]]>
              </value>
            </param>
            <param index="1">
              <value>
                <![CDATA["test hover to categories"]]>
              </value>
            </param>
          </params>
          <reporter-output>
          </reporter-output>
        </test-method> <!-- runScenario -->
        <test-method status="PASS" signature="runScenario(io.cucumber.testng.PickleWrapper,io.cucumber.testng.FeatureWrapper)[pri:0, instance:org.example.testRunner.simulator@13c27452]" name="runScenario" duration-ms="15525" started-at="2022-10-10T02:08:16 EET" description="Runs Cucumber Scenarios" data-provider="scenarios" finished-at="2022-10-10T02:08:32 EET">
          <params>
            <param index="0">
              <value>
                <![CDATA["Enter Valid Data"]]>
              </value>
            </param>
            <param index="1">
              <value>
                <![CDATA["Test Login Functionality"]]>
              </value>
            </param>
          </params>
          <reporter-output>
          </reporter-output>
        </test-method> <!-- runScenario -->
        <test-method status="PASS" signature="runScenario(io.cucumber.testng.PickleWrapper,io.cucumber.testng.FeatureWrapper)[pri:0, instance:org.example.testRunner.simulator@13c27452]" name="runScenario" duration-ms="31059" started-at="2022-10-10T02:08:32 EET" description="Runs Cucumber Scenarios" data-provider="scenarios" finished-at="2022-10-10T02:09:03 EET">
          <params>
            <param index="0">
              <value>
                <![CDATA["Enter invalid Data"]]>
              </value>
            </param>
            <param index="1">
              <value>
                <![CDATA["Test Login Functionality"]]>
              </value>
            </param>
          </params>
          <reporter-output>
          </reporter-output>
        </test-method> <!-- runScenario -->
        <test-method status="PASS" signature="runScenario(io.cucumber.testng.PickleWrapper,io.cucumber.testng.FeatureWrapper)[pri:0, instance:org.example.testRunner.simulator@13c27452]" name="runScenario" duration-ms="13605" started-at="2022-10-10T02:09:03 EET" description="Runs Cucumber Scenarios" data-provider="scenarios" finished-at="2022-10-10T02:09:16 EET">
          <params>
            <param index="0">
              <value>
                <![CDATA["Enter invalid email form"]]>
              </value>
            </param>
            <param index="1">
              <value>
                <![CDATA["Test Login Functionality"]]>
              </value>
            </param>
          </params>
          <reporter-output>
          </reporter-output>
        </test-method> <!-- runScenario -->
        <test-method status="PASS" signature="runScenario(io.cucumber.testng.PickleWrapper,io.cucumber.testng.FeatureWrapper)[pri:0, instance:org.example.testRunner.simulator@13c27452]" name="runScenario" duration-ms="14993" started-at="2022-10-10T02:09:16 EET" description="Runs Cucumber Scenarios" data-provider="scenarios" finished-at="2022-10-10T02:09:31 EET">
          <params>
            <param index="0">
              <value>
                <![CDATA["user forget Password"]]>
              </value>
            </param>
            <param index="1">
              <value>
                <![CDATA["Test Login Functionality"]]>
              </value>
            </param>
          </params>
          <reporter-output>
          </reporter-output>
        </test-method> <!-- runScenario -->
        <test-method status="FAIL" signature="runScenario(io.cucumber.testng.PickleWrapper,io.cucumber.testng.FeatureWrapper)[pri:0, instance:org.example.testRunner.simulator@13c27452]" name="runScenario" duration-ms="10037" started-at="2022-10-10T02:09:31 EET" description="Runs Cucumber Scenarios" data-provider="scenarios" finished-at="2022-10-10T02:09:41 EET">
          <params>
            <param index="0">
              <value>
                <![CDATA["test nokia pic"]]>
              </value>
            </param>
            <param index="1">
              <value>
                <![CDATA["test slider"]]>
              </value>
            </param>
          </params>
          <exception class="java.lang.AssertionError">
            <message>
              <![CDATA[expected [https://demo.nopcommerce.com/nokia-lumia-1020] but found [https://demo.nopcommerce.com/]]]>
            </message>
            <full-stacktrace>
              <![CDATA[java.lang.AssertionError: expected [https://demo.nopcommerce.com/nokia-lumia-1020] but found [https://demo.nopcommerce.com/]
at org.testng.Assert.fail(Assert.java:110)
at org.testng.Assert.failNotEquals(Assert.java:1413)
at org.testng.Assert.assertEqualsImpl(Assert.java:149)
at org.testng.Assert.assertEquals(Assert.java:131)
at org.testng.Assert.assertEquals(Assert.java:655)
at org.testng.Assert.assertEquals(Assert.java:665)
at org.example.stepDefs.sliderFeatureSteps.checkOnNokiaUrl(sliderFeatureSteps.java:27)
at ✽.user should navigate to Nokia page(file:///C:/Users/ahmed/IdeaProjects/CucumberProject/src/main/resources/features/slider.feature:7)
]]>
            </full-stacktrace>
          </exception> <!-- java.lang.AssertionError -->
          <reporter-output>
          </reporter-output>
        </test-method> <!-- runScenario -->
        <test-method status="FAIL" signature="runScenario(io.cucumber.testng.PickleWrapper,io.cucumber.testng.FeatureWrapper)[pri:0, instance:org.example.testRunner.simulator@13c27452]" name="runScenario" duration-ms="10177" started-at="2022-10-10T02:09:41 EET" description="Runs Cucumber Scenarios" data-provider="scenarios" finished-at="2022-10-10T02:09:52 EET">
          <params>
            <param index="0">
              <value>
                <![CDATA["test iphone pic"]]>
              </value>
            </param>
            <param index="1">
              <value>
                <![CDATA["test slider"]]>
              </value>
            </param>
          </params>
          <exception class="java.lang.AssertionError">
            <message>
              <![CDATA[expected [https://demo.nopcommerce.com/iphone-6] but found [https://demo.nopcommerce.com/]]]>
            </message>
            <full-stacktrace>
              <![CDATA[java.lang.AssertionError: expected [https://demo.nopcommerce.com/iphone-6] but found [https://demo.nopcommerce.com/]
at org.testng.Assert.fail(Assert.java:110)
at org.testng.Assert.failNotEquals(Assert.java:1413)
at org.testng.Assert.assertEqualsImpl(Assert.java:149)
at org.testng.Assert.assertEquals(Assert.java:131)
at org.testng.Assert.assertEquals(Assert.java:655)
at org.testng.Assert.assertEquals(Assert.java:665)
at org.example.stepDefs.sliderFeatureSteps.checkOnIphoneUrl(sliderFeatureSteps.java:37)
at ✽.user should navigate to iphone page(file:///C:/Users/ahmed/IdeaProjects/CucumberProject/src/main/resources/features/slider.feature:11)
]]>
            </full-stacktrace>
          </exception> <!-- java.lang.AssertionError -->
          <reporter-output>
          </reporter-output>
        </test-method> <!-- runScenario -->
        <test-method status="PASS" signature="runScenario(io.cucumber.testng.PickleWrapper,io.cucumber.testng.FeatureWrapper)[pri:0, instance:org.example.testRunner.simulator@13c27452]" name="runScenario" duration-ms="10393" started-at="2022-10-10T02:09:52 EET" description="Runs Cucumber Scenarios" data-provider="scenarios" finished-at="2022-10-10T02:10:02 EET">
          <params>
            <param index="0">
              <value>
                <![CDATA["test add HTC to wish list"]]>
              </value>
            </param>
            <param index="1">
              <value>
                <![CDATA["test wish list"]]>
              </value>
            </param>
          </params>
          <reporter-output>
          </reporter-output>
        </test-method> <!-- runScenario -->
        <test-method status="PASS" signature="runScenario(io.cucumber.testng.PickleWrapper,io.cucumber.testng.FeatureWrapper)[pri:0, instance:org.example.testRunner.simulator@13c27452]" name="runScenario" duration-ms="16659" started-at="2022-10-10T02:10:02 EET" description="Runs Cucumber Scenarios" data-provider="scenarios" finished-at="2022-10-10T02:10:19 EET">
          <params>
            <param index="0">
              <value>
                <![CDATA["check on wish list cart"]]>
              </value>
            </param>
            <param index="1">
              <value>
                <![CDATA["test wish list"]]>
              </value>
            </param>
          </params>
          <reporter-output>
          </reporter-output>
        </test-method> <!-- runScenario -->
        <test-method status="PASS" signature="tearDownClass()[pri:0, instance:org.example.testRunner.simulator@13c27452]" name="tearDownClass" is-config="true" duration-ms="512" started-at="2022-10-10T02:10:19 EET" finished-at="2022-10-10T02:10:19 EET">
          <reporter-output>
          </reporter-output>
        </test-method> <!-- tearDownClass -->
      </class> <!-- org.example.testRunner.simulator -->
    </test> <!-- Surefire test -->
  </suite> <!-- Surefire suite -->
</testng-results>
