<?xml version="1.0" encoding="UTF-8"?>
<!-- Generated by org.testng.reporters.JUnitReportReporter -->
<testsuite skipped="0" hostname="DESKTOP-NLEQM7T" name="org.example.testRunner.simulator" tests="24" failures="3" timestamp="2022-10-10T02:10:19 EET" time="412.196" errors="0">
  <testcase name="runScenario" time="13.392" classname="org.example.testRunner.simulator">
    <failure type="java.lang.AssertionError" message="expected [https://demo.nopcommerce.com/new-online-store-is-open] but found [https://demo.nopcommerce.com/news/rss/1]">
      <![CDATA[java.lang.AssertionError: expected [https://demo.nopcommerce.com/new-online-store-is-open] but found [https://demo.nopcommerce.com/news/rss/1]
at org.testng.Assert.fail(Assert.java:110)
at org.testng.Assert.failNotEquals(Assert.java:1413)
at org.testng.Assert.assertEqualsImpl(Assert.java:149)
at org.testng.Assert.assertEquals(Assert.java:131)
at org.testng.Assert.assertEquals(Assert.java:655)
at org.testng.Assert.assertEquals(Assert.java:665)
at org.example.stepDefs.followUsFeatureSteps.checkOnUrl(followUsFeatureSteps.java:34)
at ✽.user should go to selected "https://demo.nopcommerce.com/new-online-store-is-open"(file:///C:/Users/ahmed/IdeaProjects/CucumberProject/src/main/resources/features/followUs.feature:7)
]]>
    </failure>
  </testcase> <!-- runScenario -->
  <system-out/>
  <testcase name="runScenario" time="31.059" classname="org.example.testRunner.simulator"/>
  <system-out/>
  <testcase name="runScenario" time="16.659" classname="org.example.testRunner.simulator"/>
  <system-out/>
  <testcase name="runScenario" time="38.686" classname="org.example.testRunner.simulator"/>
  <system-out/>
  <testcase name="runScenario" time="20.927" classname="org.example.testRunner.simulator"/>
  <system-out/>
  <testcase name="runScenario" time="15.383" classname="org.example.testRunner.simulator"/>
  <system-out/>
  <testcase name="runScenario" time="28.643" classname="org.example.testRunner.simulator"/>
  <system-out/>
  <testcase name="runScenario" time="14.456" classname="org.example.testRunner.simulator"/>
  <system-out/>
  <testcase name="runScenario" time="13.605" classname="org.example.testRunner.simulator"/>
  <system-out/>
  <testcase name="runScenario" time="14.505" classname="org.example.testRunner.simulator"/>
  <system-out/>
  <testcase name="runScenario" time="10.393" classname="org.example.testRunner.simulator"/>
  <system-out/>
  <testcase name="runScenario" time="10.037" classname="org.example.testRunner.simulator">
    <failure type="java.lang.AssertionError" message="expected [https://demo.nopcommerce.com/nokia-lumia-1020] but found [https://demo.nopcommerce.com/]">
      <![CDATA[java.lang.AssertionError: expected [https://demo.nopcommerce.com/nokia-lumia-1020] but found [https://demo.nopcommerce.com/]
at org.testng.Assert.fail(Assert.java:110)
at org.testng.Assert.failNotEquals(Assert.java:1413)
at org.testng.Assert.assertEqualsImpl(Assert.java:149)
at org.testng.Assert.assertEquals(Assert.java:131)
at org.testng.Assert.assertEquals(Assert.java:655)
at org.testng.Assert.assertEquals(Assert.java:665)
at org.example.stepDefs.sliderFeatureSteps.checkOnNokiaUrl(sliderFeatureSteps.java:27)
at ✽.user should navigate to Nokia page(file:///C:/Users/ahmed/IdeaProjects/CucumberProject/src/main/resources/features/slider.feature:7)
]]>
    </failure>
  </testcase> <!-- runScenario -->
  <system-out/>
  <testcase name="runScenario" time="16.374" classname="org.example.testRunner.simulator"/>
  <system-out/>
  <testcase name="runScenario" time="16.955" classname="org.example.testRunner.simulator"/>
  <system-out/>
  <testcase name="runScenario" time="14.993" classname="org.example.testRunner.simulator"/>
  <system-out/>
  <testcase name="runScenario" time="14.700" classname="org.example.testRunner.simulator"/>
  <system-out/>
  <testcase name="runScenario" time="10.177" classname="org.example.testRunner.simulator">
    <failure type="java.lang.AssertionError" message="expected [https://demo.nopcommerce.com/iphone-6] but found [https://demo.nopcommerce.com/]">
      <![CDATA[java.lang.AssertionError: expected [https://demo.nopcommerce.com/iphone-6] but found [https://demo.nopcommerce.com/]
at org.testng.Assert.fail(Assert.java:110)
at org.testng.Assert.failNotEquals(Assert.java:1413)
at org.testng.Assert.assertEqualsImpl(Assert.java:149)
at org.testng.Assert.assertEquals(Assert.java:131)
at org.testng.Assert.assertEquals(Assert.java:655)
at org.testng.Assert.assertEquals(Assert.java:665)
at org.example.stepDefs.sliderFeatureSteps.checkOnIphoneUrl(sliderFeatureSteps.java:37)
at ✽.user should navigate to iphone page(file:///C:/Users/ahmed/IdeaProjects/CucumberProject/src/main/resources/features/slider.feature:11)
]]>
    </failure>
  </testcase> <!-- runScenario -->
  <system-out/>
  <testcase name="runScenario" time="15.525" classname="org.example.testRunner.simulator"/>
  <system-out/>
  <testcase name="runScenario" time="12.202" classname="org.example.testRunner.simulator"/>
  <system-out/>
  <testcase name="runScenario" time="12.562" classname="org.example.testRunner.simulator"/>
  <system-out/>
  <testcase name="runScenario" time="18.396" classname="org.example.testRunner.simulator"/>
  <system-out/>
  <testcase name="runScenario" time="13.601" classname="org.example.testRunner.simulator"/>
  <system-out/>
  <testcase name="runScenario" time="17.821" classname="org.example.testRunner.simulator"/>
  <system-out/>
  <testcase name="runScenario" time="21.145" classname="org.example.testRunner.simulator"/>
  <system-out/>
</testsuite> <!-- org.example.testRunner.simulator -->
